<?xml version="1.0" encoding="UTF-8"?>
<testsuite xmlns:xsi="http://www.w3.org/2001/XMLSchema-instance" xsi:noNamespaceSchemaLocation="https://maven.apache.org/surefire/maven-surefire-plugin/xsd/surefire-test-report.xsd" name="quiz.TestQuiz" time="0.119" tests="3" errors="0" skipped="0" failures="0">
  <properties>
    <property name="sun.desktop" value="windows"/>
    <property name="awt.toolkit" value="sun.awt.windows.WToolkit"/>
    <property name="java.specification.version" value="11"/>
    <property name="sun.cpu.isalist" value="amd64"/>
    <property name="sun.jnu.encoding" value="Cp1252"/>
    <property name="java.class.path" value="c:\Users\SARFO PHILIP\OneDrive - Maharishi International University\WAP\quiz\quiz-servlet\quiz-servlet\target\test-classes;c:\Users\SARFO PHILIP\OneDrive - Maharishi International University\WAP\quiz\quiz-servlet\quiz-servlet\target\classes;C:\Users\SARFO PHILIP\.m2\repository\junit\junit\4.11\junit-4.11.jar;C:\Users\SARFO PHILIP\.m2\repository\org\hamcrest\hamcrest-core\1.3\hamcrest-core-1.3.jar;C:\Users\SARFO PHILIP\.m2\repository\javax\javaee-api\8.0.1\javaee-api-8.0.1.jar;C:\Users\SARFO PHILIP\.m2\repository\com\sun\mail\javax.mail\1.6.2\javax.mail-1.6.2.jar;C:\Users\SARFO PHILIP\.m2\repository\javax\activation\activation\1.1\activation-1.1.jar;"/>
    <property name="java.vm.vendor" value="Oracle Corporation"/>
    <property name="sun.arch.data.model" value="64"/>
    <property name="user.variant" value=""/>
    <property name="java.vendor.url" value="http://java.oracle.com/"/>
    <property name="user.timezone" value="America/Chicago"/>
    <property name="java.vm.specification.version" value="11"/>
    <property name="os.name" value="Windows 10"/>
    <property name="sun.java.launcher" value="SUN_STANDARD"/>
    <property name="user.country" value="US"/>
    <property name="sun.boot.library.path" value="C:\Program Files\Java\jdk-11\bin"/>
    <property name="sun.java.command" value="C:\Users\SARFOP~1\AppData\Local\Temp\surefire7558050382157631061\surefirebooter1079864069733094104.jar C:\Users\SARFO PHILIP\AppData\Local\Temp\surefire7558050382157631061 2020-02-01T21-32-43_933-jvmRun1 surefire4253715661219276287tmp surefire_01349986734047489168tmp"/>
    <property name="jdk.debug" value="release"/>
    <property name="surefire.test.class.path" value="c:\Users\SARFO PHILIP\OneDrive - Maharishi International University\WAP\quiz\quiz-servlet\quiz-servlet\target\test-classes;c:\Users\SARFO PHILIP\OneDrive - Maharishi International University\WAP\quiz\quiz-servlet\quiz-servlet\target\classes;C:\Users\SARFO PHILIP\.m2\repository\junit\junit\4.11\junit-4.11.jar;C:\Users\SARFO PHILIP\.m2\repository\org\hamcrest\hamcrest-core\1.3\hamcrest-core-1.3.jar;C:\Users\SARFO PHILIP\.m2\repository\javax\javaee-api\8.0.1\javaee-api-8.0.1.jar;C:\Users\SARFO PHILIP\.m2\repository\com\sun\mail\javax.mail\1.6.2\javax.mail-1.6.2.jar;C:\Users\SARFO PHILIP\.m2\repository\javax\activation\activation\1.1\activation-1.1.jar;"/>
    <property name="sun.cpu.endian" value="little"/>
    <property name="user.home" value="C:\Users\SARFO PHILIP"/>
    <property name="user.language" value="en"/>
    <property name="java.specification.vendor" value="Oracle Corporation"/>
    <property name="java.version.date" value="2018-09-25"/>
    <property name="java.home" value="C:\Program Files\Java\jdk-11"/>
    <property name="file.separator" value="\"/>
    <property name="basedir" value="c:\Users\SARFO PHILIP\OneDrive - Maharishi International University\WAP\quiz\quiz-servlet\quiz-servlet"/>
    <property name="java.vm.compressedOopsMode" value="32-bit"/>
    <property name="line.separator" value="&#10;"/>
    <property name="java.specification.name" value="Java Platform API Specification"/>
    <property name="java.vm.specification.vendor" value="Oracle Corporation"/>
    <property name="java.awt.graphicsenv" value="sun.awt.Win32GraphicsEnvironment"/>
    <property name="surefire.real.class.path" value="C:\Users\SARFOP~1\AppData\Local\Temp\surefire7558050382157631061\surefirebooter1079864069733094104.jar"/>
    <property name="user.script" value=""/>
    <property name="sun.management.compiler" value="HotSpot 64-Bit Tiered Compilers"/>
    <property name="java.runtime.version" value="11+28"/>
    <property name="user.name" value="SARFO PHILIP"/>
    <property name="path.separator" value=";"/>
    <property name="os.version" value="10.0"/>
    <property name="java.runtime.name" value="Java(TM) SE Runtime Environment"/>
    <property name="file.encoding" value="Cp1252"/>
    <property name="java.vm.name" value="Java HotSpot(TM) 64-Bit Server VM"/>
    <property name="java.vendor.version" value="18.9"/>
    <property name="localRepository" value="C:\Users\SARFO PHILIP\.m2\repository"/>
    <property name="java.vendor.url.bug" value="http://bugreport.java.com/bugreport/"/>
    <property name="java.io.tmpdir" value="C:\Users\SARFOP~1\AppData\Local\Temp\"/>
    <property name="java.version" value="11"/>
    <property name="user.dir" value="c:\Users\SARFO PHILIP\OneDrive - Maharishi International University\WAP\quiz\quiz-servlet\quiz-servlet"/>
    <property name="os.arch" value="amd64"/>
    <property name="java.vm.specification.name" value="Java Virtual Machine Specification"/>
    <property name="java.awt.printerjob" value="sun.awt.windows.WPrinterJob"/>
    <property name="sun.os.patch.level" value=""/>
    <property name="java.library.path" value="C:\Program Files\Java\jdk-11\bin;C:\WINDOWS\Sun\Java\bin;C:\WINDOWS\system32;C:\WINDOWS;C:\ProgramData\DockerDesktop\version-bin;C:\Program Files\Docker\Docker\Resources\bin;C:\Program Files\Java\jdk-11\bin;C:\WINDOWS\system32;C:\WINDOWS;C:\WINDOWS\System32\Wbem;C:\WINDOWS\System32\WindowsPowerShell\v1.0\;C:\WINDOWS\System32\OpenSSH\;C:\Program Files (x86)\apache-maven-3.6.2\bin;C:\Program Files\Git\cmd;C:\Program Files\nodejs\;C:\Users\SARFO PHILIP\AppData\Local\Microsoft\WindowsApps;C:\Users\SARFO PHILIP\AppData\Roaming\npm;C:\Users\SARFO PHILIP\AppData\Local\Programs\Microsoft VS Code Insiders\bin;."/>
    <property name="java.vendor" value="Oracle Corporation"/>
    <property name="java.vm.info" value="mixed mode"/>
    <property name="java.vm.version" value="11+28"/>
    <property name="sun.io.unicode.encoding" value="UnicodeLittle"/>
    <property name="java.class.version" value="55.0"/>
  </properties>
  <testcase name="testGetNumberCorrect" classname="quiz.TestQuiz" time="0.01"/>
  <testcase name="testIsCorrect" classname="quiz.TestQuiz" time="0.007"/>
  <testcase name="testGetNumberQuestions" classname="quiz.TestQuiz" time="0"/>
</testsuite>